TN:
SF:auth/__init__.py
DA:0,1,1B2M2Y8AsgTpgAmY7PhCfg
LF:0
LH:0
end_of_record
TN:
SF:auth/config.py
DA:1,1,7Z9Lj4ed27Wf2hBX6jooEA
DA:3,1,W1vzqS5yEbTtOfddYP2dfg
DA:4,1,TzsUdfAACyb61A1QOcTv+Q
DA:5,1,tT41K31IjuLBmHdFqjjL3A
DA:6,1,aEHeV8AfvDsllXP8vGp1FA
DA:7,1,2lbAku2jl4XZYoVfla+rAA
DA:9,1,KxgaGtJPkScc4OG7mJ59vg
DA:10,1,a5fghwLwgeqRIxJG1drMJw
DA:11,1,RVEi8FE68jOeObd5IHS/VQ
DA:13,1,jVAcnbZv1VIbcyImle+m1g
LF:10
LH:10
end_of_record
TN:
SF:auth/main.py
DA:1,0,TJiGcKtrvwsJJ53d2ozWhA
DA:2,0,7mOcDdu3wJZbdVu5bqTq9Q
DA:3,0,r59DAwrwYt0aqaStzwbV9Q
DA:4,0,iPCORuXRD6sx2Epz5p/jzQ
DA:7,0,zC8PUby5bcLwcQiPOrFkIg
DA:8,0,CJQOuLtuSr8XH5RkI+N65Q
DA:9,0,RUw1NuzwvDGROpshzxxQ2A
DA:10,0,9yoy+xVM+tVqpMBQEw9fuQ
DA:12,0,g82z2q7XOrAjSTQOgqZnuA
DA:14,0,kqN3yecQ0Iwyfgm0sa4W7w
DA:17,0,wj42SQ48VI/otVviK/MsiA
DA:19,0,xQVNdxAJxuGw1z9RcZmDQw
DA:20,0,cjJDLZj1Cni92eT93bsdZQ
LF:13
LH:0
end_of_record
TN:
SF:auth/models/user.py
DA:1,1,MQVUZQM5HfJoG/WRH8su/w
DA:2,1,84ezXcBR9/8apYZkZaGF/Q
DA:3,1,3Le0bLJ7embwVmsVZnmJnw
DA:5,1,bUl7B+ZWav9xrtJK8wQ0QA
DA:7,1,dXmgqgVH/RW6qx+SIVBGQw
DA:8,1,HAF+EC018w0toayiEIrFUA
DA:10,1,FZ31yHRNV99XK0vFQwmHyw
DA:11,1,wvvCkC3QIwy7W88DtyrXsA
DA:12,1,zPi1/eU4/Sv8GxsfSYvHXw
DA:14,1,5VwrwHfE/WZLobzkFb4RQQ
DA:15,1,U4HOOFqGpMyywhZoCm8n1Q
DA:16,1,4KN5tVvfFUs85wPqlxXzgA
LF:12
LH:12
end_of_record
TN:
SF:auth/routes/auth.py
DA:1,1,OEqL/x2kYNSIUwyzF3LvEQ
DA:2,1,11hnBXdFcgdIlLuxNzD0PA
DA:3,1,+VEV11HlDX9QQIpNz0yUYA
DA:4,1,usL6GpKXVxVT8icw7bX7uQ
DA:5,1,r59DAwrwYt0aqaStzwbV9Q
DA:6,1,ZnAc0/0946AUk/o4otF2iw
DA:7,1,CF2jZW1xbHcisD/YKI/mbw
DA:8,1,hAugqKBI8R8+1Wpl5cbDBQ
DA:10,1,AHFEy1hpeVSpBOLKNlEIFw
DA:12,1,07Rw8mcjUPVOJTt/X3qBgw
DA:15,1,kmErzt3lpDGRtk6BeDiC4A
DA:16,1,r8pIuga/9qQWUt99HsRaag
DA:17,1,xENijyJGqnzpR7OOcVvT5Q
DA:20,1,Jjsczm5R7myofhdvxmAY9Q
DA:21,1,YHMb1UNRhcPAmrpAtrSw8w
DA:22,1,Taey8Ib3NWdQKeVRjAM+0g
DA:23,1,FN7l3nMjtJV4cyWsF3enPA
DA:25,1,HSCjLN8djhQuRnQOeIDJmA
DA:26,1,0b+Z97Y3wGJ0pqFL49JTlw
DA:29,1,jWrw4CCBdPKH/Py3tmy62w
DA:30,1,c6kP8R9Lea0g6WkhPOoi0Q
DA:42,1,P6C/PSYUJ6KHzCZiCtZZXA
DA:43,1,mAmnUGZPQH3L5JaIy/JAlQ
DA:44,1,Taey8Ib3NWdQKeVRjAM+0g
DA:45,1,3u1rkxwGe4prAmDlwmkK6Q
DA:46,1,Ab/fkR2LjKIt+H8H6jTmDQ
DA:48,1,puZ8A/yWsrIa1GnjI7MZKQ
DA:49,1,anKBUpTzeYBn6C++yjr/gQ
DA:53,1,+SgzcSpt4+551OTzX3Tlsg
DA:56,1,r6nN+2+uuOY0kuLkDe99zQ
DA:65,1,lVtQePySGS6/cGmWvYl8iw
DA:68,1,ylGfRonIuBAIZBHUFcYVFA
DA:69,1,OOMDlsNuwXzejxB/d2M7GQ
DA:32,0,mgEgaciUs6Aa3wF+2y7M0Q
DA:36,0,khrAkqhR2ZKcUcmCUExOOA
DA:37,0,19OwRXR/ldgeZrsJErAJiQ
DA:39,0,iikgv1cUEx7sdfsBs2wK7g
DA:54,0,KOOIvI1/pF1icq4lYqRCvw
DA:71,0,mQ5+ifr3PedvNjPn/zArNg
LF:39
LH:33
end_of_record
TN:
SF:auth/setup_db.py
DA:1,0,kvDHd+0uCHGqJUhRUKzmoA
DA:2,0,G7rB5PRykU6zCGOlXniZGA
DA:3,0,r59DAwrwYt0aqaStzwbV9Q
DA:6,0,8GmxSx2+lNGQuVQZS+zHLQ
DA:7,0,sCB2p8JjOp3IrfOYkbx5hg
DA:8,0,oHKJlQsVB3wzOOXNP0TWag
DA:9,0,IwpwSd3531YBZ+5ykwVbIg
DA:12,0,xQVNdxAJxuGw1z9RcZmDQw
DA:13,0,g82z2q7XOrAjSTQOgqZnuA
LF:9
LH:0
end_of_record
